Log file open, 12/02/18 01:05:34
LogWindows: Failed to load 'aqProf.dll' (GetLastError=126)
LogWindows: File 'aqProf.dll' does not exist
LogWindows: Failed to load 'VSPerf140.dll' (GetLastError=126)
LogWindows: File 'VSPerf140.dll' does not exist
LogWindows: Failed to load 'VtuneApi.dll' (GetLastError=126)
LogWindows: File 'VtuneApi.dll' does not exist
LogWindows: Failed to load 'VtuneApi32e.dll' (GetLastError=126)
LogWindows: File 'VtuneApi32e.dll' does not exist
LogInit: Display: Running engine for game: MuffinWar
LogPlatformFile: Not using cached read wrapper
LogTaskGraph: Started task graph with 5 named threads and 11 total threads with 3 sets of task threads.
LogStats: Stats thread started at 0.372003
LogD3D11RHI: Loaded GFSDK_Aftermath_Lib.x64.dll
LogICUInternationalization: Display: ICU TimeZone Detection - Raw Offset: +2:00, Platform Override: ''
LogPluginManager: Mounting plugin Paper2D
LogPluginManager: Mounting plugin AISupport
LogPluginManager: Mounting plugin LightPropagationVolume
LogPluginManager: Mounting plugin CLionSourceCodeAccess
LogPluginManager: Mounting plugin CodeLiteSourceCodeAccess
LogPluginManager: Mounting plugin GitSourceControl
LogPluginManager: Mounting plugin KDevelopSourceCodeAccess
LogPluginManager: Mounting plugin NullSourceCodeAccess
LogPluginManager: Mounting plugin PerforceSourceControl
LogPluginManager: Mounting plugin SubversionSourceControl
LogPluginManager: Mounting plugin UObjectPlugin
LogPluginManager: Mounting plugin VisualStudioCodeSourceCodeAccess
LogPluginManager: Mounting plugin VisualStudioSourceCodeAccess
LogPluginManager: Mounting plugin XCodeSourceCodeAccess
LogPluginManager: Mounting plugin AssetManagerEditor
LogPluginManager: Mounting plugin CryptoKeys
LogPluginManager: Mounting plugin DataValidation
LogPluginManager: Mounting plugin FacialAnimation
LogPluginManager: Mounting plugin GameplayTagsEditor
LogPluginManager: Mounting plugin MacGraphicsSwitching
LogPluginManager: Mounting plugin MeshEditor
LogPluginManager: Mounting plugin MobileLauncherProfileWizard
LogPluginManager: Mounting plugin PluginBrowser
LogPluginManager: Mounting plugin SpeedTreeImporter
LogPluginManager: Mounting plugin DatasmithContent
LogPluginManager: Mounting plugin AlembicImporter
LogPluginManager: Mounting plugin AppleImageUtils
LogPluginManager: Mounting plugin AppleVision
LogPluginManager: Mounting plugin BackChannel
LogPluginManager: Mounting plugin CharacterAI
LogPluginManager: Mounting plugin GeometryCache
LogPluginManager: Mounting plugin HTML5Networking
LogPluginManager: Mounting plugin ProxyLODPlugin
LogPluginManager: Mounting plugin MagicLeap
LogPluginManager: Mounting plugin MagicLeapEmulator
LogPluginManager: Mounting plugin MagicLeapMedia
LogPluginManager: Mounting plugin AndroidMedia
LogPluginManager: Mounting plugin AvfMedia
LogPluginManager: Mounting plugin ImgMedia
LogPluginManager: Mounting plugin LinearTimecode
LogPluginManager: Mounting plugin MediaCompositing
LogPluginManager: Mounting plugin MediaPlayerEditor
LogPluginManager: Mounting plugin WmfMedia
LogPluginManager: Mounting plugin TcpMessaging
LogPluginManager: Mounting plugin UdpMessaging
LogPluginManager: Mounting plugin ActorSequence
LogPluginManager: Mounting plugin LevelSequenceEditor
LogPluginManager: Mounting plugin MatineeToLevelSequence
LogPluginManager: Mounting plugin NetcodeUnitTest
LogPluginManager: Mounting plugin NUTUnrealEngine4
LogPluginManager: Mounting plugin OnlineSubsystemGooglePlay
LogPluginManager: Mounting plugin OnlineSubsystemIOS
LogPluginManager: Mounting plugin OnlineSubsystem
LogPluginManager: Mounting plugin OnlineSubsystemNull
LogPluginManager: Mounting plugin OnlineSubsystemUtils
LogPluginManager: Mounting plugin LauncherChunkInstaller
LogPluginManager: Mounting plugin AndroidDeviceProfileSelector
LogPluginManager: Mounting plugin AndroidMoviePlayer
LogPluginManager: Mounting plugin AndroidPermission
LogPluginManager: Mounting plugin AppleMoviePlayer
LogPluginManager: Mounting plugin ArchVisCharacter
LogPluginManager: Mounting plugin AudioCapture
LogPluginManager: Mounting plugin CableComponent
LogPluginManager: Mounting plugin CustomMeshComponent
LogPluginManager: Mounting plugin EditableMesh
LogPluginManager: Mounting plugin ExampleDeviceProfileSelector
LogPluginManager: Mounting plugin GoogleCloudMessaging
LogPluginManager: Mounting plugin ImmediatePhysics
LogPluginManager: Mounting plugin IOSDeviceProfileSelector
LogPluginManager: Mounting plugin LinuxDeviceProfileSelector
LogPluginManager: Mounting plugin LocationServicesBPLibrary
LogPluginManager: Mounting plugin MobilePatchingUtils
LogPluginManager: Mounting plugin OculusVR
LogPluginManager: Plugin shader directory ../../../Engine/Plugins/Runtime/Oculus/OculusVR/Shaders found
LogPluginManager: Mapping shader source directory ../../../Engine/Plugins/Runtime/Oculus/OculusVR/Shaders to virtual directory /Plugin/OculusVR
LogPluginManager: Mounting plugin PhysXVehicles
LogPluginManager: Mounting plugin ProceduralMeshComponent
LogPluginManager: Mounting plugin RuntimePhysXCooking
LogPluginManager: Mounting plugin SteamVR
LogPluginManager: Mounting plugin WindowsMoviePlayer
LogStreaming: Display: Took  0.304s to configure plugins.
LogInit: Using libcurl 7.55.1-DEV
LogInit:  - built for x86_64-pc-win32
LogInit:  - supports SSL with OpenSSL/1.0.2h
LogInit:  - supports HTTP deflate (compression) using libz 1.2.8
LogInit:  - other features:
LogInit:      CURL_VERSION_SSL
LogInit:      CURL_VERSION_LIBZ
LogInit:      CURL_VERSION_IPV6
LogInit:      CURL_VERSION_ASYNCHDNS
LogInit:      CURL_VERSION_LARGEFILE
LogInit:      CURL_VERSION_IDN
LogInit:  CurlRequestOptions (configurable via config and command line):
LogInit:  - bVerifyPeer = false  - Libcurl will NOT verify peer certificate
LogInit:  - bUseHttpProxy = false  - Libcurl will NOT use HTTP proxy
LogInit:  - bDontReuseConnections = false  - Libcurl will reuse connections
LogInit:  - CertBundlePath = nullptr  - Libcurl will use whatever was configured at build time.
LogInit:  - MaxHostConnections = 16  - Libcurl will limit the number of connections to a host
LogInit:  - LocalHostAddr = Default
LogInit:  - BufferSize = 65536
LogInit: WinSock: version 1.1 (2.2), MaxSocks=32767, MaxUdp=65467
LogInit: Build: ++UE4+Release-4.20-CL-4369336
LogInit: Engine Version: 4.20.3-4369336+++UE4+Release-4.20
LogInit: Compatible Engine Version: 4.20.0-4212847+++UE4+Release-4.20
LogInit: Net CL: 4212847
LogInit: OS: Windows 10 (), CPU:        Intel(R) Core(TM) i3-2310M CPU @ 2.10GHz, GPU: Intel(R) HD Graphics 3000
LogInit: Compiled (64-bit): Sep 17 2018 12:26:19
LogInit: Compiled with Visual C++: 19.13.26129.00
LogInit: Build Configuration: Development
LogInit: Branch Name: ++UE4+Release-4.20
LogInit: Command Line:  
LogInit: Base Directory: C:/Program Files/Epic Games/UE_4.20/Engine/Binaries/Win64/
LogInit: Installed Engine Build: 1
LogDevObjectVersion: Number of dev versions registered: 20
LogDevObjectVersion:   Dev-Blueprints (B0D832E4-1F89-4F0D-ACCF-7EB736FD4AA2): 10
LogDevObjectVersion:   Dev-Build (E1C64328-A22C-4D53-A36C-8E866417BD8C): 0
LogDevObjectVersion:   Dev-Core (375EC13C-06E4-48FB-B500-84F0262A717E): 2
LogDevObjectVersion:   Dev-Editor (E4B068ED-F494-42E9-A231-DA0B2E46BB41): 24
LogDevObjectVersion:   Dev-Framework (CFFC743F-43B0-4480-9391-14DF171D2073): 34
LogDevObjectVersion:   Dev-Mobile (B02B49B5-BB20-44E9-A304-32B752E40360): 2
LogDevObjectVersion:   Dev-Networking (A4E4105C-59A1-49B5-A7C5-40C4547EDFEE): 0
LogDevObjectVersion:   Dev-Online (39C831C9-5AE6-47DC-9A44-9C173E1C8E7C): 0
LogDevObjectVersion:   Dev-Physics (78F01B33-EBEA-4F98-B9B4-84EACCB95AA2): 0
LogDevObjectVersion:   Dev-Platform (6631380F-2D4D-43E0-8009-CF276956A95A): 0
LogDevObjectVersion:   Dev-Rendering (12F88B9F-8875-4AFC-A67C-D90C383ABD29): 26
LogDevObjectVersion:   Dev-Sequencer (7B5AE74C-D270-4C10-A958-57980B212A5A): 9
LogDevObjectVersion:   Dev-VR (D7296918-1DD6-4BDD-9DE2-64A83CC13884): 2
LogDevObjectVersion:   Dev-LoadTimes (C2A15278-BFE7-4AFE-6C17-90FF531DF755): 1
LogDevObjectVersion:   Private-Geometry (6EACA3D4-40EC-4CC1-B786-8BED09428FC5): 3
LogDevObjectVersion:   Dev-AnimPhys (29E575DD-E0A3-4627-9D10-D276232CDCEA): 17
LogDevObjectVersion:   Dev-ReflectionCapture (6B266CEC-1EC7-4B8F-A30B-E4D90942FC07): 1
LogDevObjectVersion:   Dev-Automation (0DF73D61-A23F-47EA-B727-89E90C41499A): 1
LogDevObjectVersion:   FortniteMain (601D1886-AC64-4F84-AA16-D3DE0DEAC7D6): 12
LogDevObjectVersion:   Dev-Enterprise (9DFFBCD6-494F-0158-E221-12823C92A888): 1
LogStreaming: Display: Took  0.001s to delete old logs.
LogInit: Presizing for max 8388607 objects, including 0 objects not considered by GC, pre-allocating 0 bytes for permanent pool.
LogInit: Object subsystem initialized
[2018.12.01-23.05.35:567][  0]LogInit: Selected Device Profile: [Windows]
[2018.12.01-23.05.35:567][  0]LogInit: Applying CVar settings loaded from the selected device profile: [Windows]
[2018.12.01-23.05.35:592][  0]LogHAL: Display: Platform has ~ 16 GB [17087434752 / 17179869184 / 16], which maps to Larger [LargestMinGB=32, LargerMinGB=12, DefaultMinGB=8, SmallerMinGB=6, SmallestMinGB=0)
[2018.12.01-23.05.35:592][  0]LogInit: Setting Device Profile CVar: [[r.Vulkan.UseRealUBs:1]]
[2018.12.01-23.05.35:593][  0]LogInit: Going up to parent DeviceProfile []
[2018.12.01-23.05.35:594][  0]LogInit: Computer: DESKTOP-JJ50MLS
[2018.12.01-23.05.35:594][  0]LogInit: User: darin
[2018.12.01-23.05.35:594][  0]LogInit: CPU Page size=4096, Cores=2
[2018.12.01-23.05.35:594][  0]LogInit: High frequency timer resolution =10.000000 MHz
[2018.12.01-23.05.35:595][  0]LogMemory: Memory total: Physical=15.9GB (16GB approx)
[2018.12.01-23.05.35:595][  0]LogMemory: Platform Memory Stats for Windows
[2018.12.01-23.05.35:595][  0]LogMemory: Process Physical Memory: 101.01 MB used, 101.01 MB peak
[2018.12.01-23.05.35:595][  0]LogMemory: Process Virtual Memory: 92.84 MB used, 92.84 MB peak
[2018.12.01-23.05.35:595][  0]LogMemory: Physical Memory: 4835.69 MB used,  11460.16 MB free, 16295.85 MB total
[2018.12.01-23.05.35:595][  0]LogMemory: Virtual Memory: 4629.92 MB used,  11460.16 MB free, 134217728.00 MB total
[2018.12.01-23.05.35:691][  0]LogInit: Using OS detected language (ru-RU).
[2018.12.01-23.05.35:691][  0]LogInit: Using OS detected locale (ru-RU).
[2018.12.01-23.05.35:693][  0]LogTextLocalizationManager: No specific localization for 'ru-RU' exists, so the 'ru' localization will be used.
[2018.12.01-23.05.35:700][  0]LogStreaming: Display: Took  0.010s to InitEngineTextLocalization.
[2018.12.01-23.05.35:701][  0]LogInit: Setting process to per monitor DPI aware
[2018.12.01-23.05.35:782][  0]LogSlate: New Slate User Created.  User Index 0, Is Virtual User: 0
[2018.12.01-23.05.35:782][  0]LogSlate: Slate User Registered.  User Index 0, Is Virtual User: 0
[2018.12.01-23.05.36:765][  0]LogHMD: Failed to initialize OpenVR with code 110
[2018.12.01-23.05.36:765][  0]LogD3D11RHI: D3D11 adapters:
[2018.12.01-23.05.36:914][  0]LogD3D11RHI:    0. 'NVIDIA GeForce GT 540M' (Feature Level 11_0)
[2018.12.01-23.05.36:914][  0]LogD3D11RHI:       963/0/3071 MB DedicatedVideo/DedicatedSystem/SharedSystem, Outputs:1, VendorId:0x10de
[2018.12.01-23.05.37:016][  0]LogD3D11RHI:    1. 'NVIDIA GeForce GT 540M' (Feature Level 11_0)
[2018.12.01-23.05.37:016][  0]LogD3D11RHI:       963/0/3071 MB DedicatedVideo/DedicatedSystem/SharedSystem, Outputs:0, VendorId:0x10de
[2018.12.01-23.05.37:028][  0]LogD3D11RHI:    2. 'Microsoft Basic Render Driver' (Feature Level 11_0)
[2018.12.01-23.05.37:028][  0]LogD3D11RHI:       963/0/3071 MB DedicatedVideo/DedicatedSystem/SharedSystem, Outputs:0, VendorId:0x1414
[2018.12.01-23.05.37:029][  0]LogD3D11RHI: Chosen D3D11 Adapter: 0
[2018.12.01-23.05.37:054][  0]LogD3D11RHI: Creating new Direct3DDevice
[2018.12.01-23.05.37:054][  0]LogD3D11RHI:     GPU DeviceId: 0xdf4 (for the marketing name, search the web for "GPU Device Id")
[2018.12.01-23.05.37:054][  0]LogWindows: EnumDisplayDevices:
[2018.12.01-23.05.37:055][  0]LogWindows:    0. 'Intel(R) HD Graphics 3000' (P:1 D:1)
[2018.12.01-23.05.37:056][  0]LogWindows:    1. 'Intel(R) HD Graphics 3000' (P:0 D:0)
[2018.12.01-23.05.37:057][  0]LogWindows:    2. 'NVIDIA GeForce GT 540M' (P:0 D:0)
[2018.12.01-23.05.37:057][  0]LogWindows: DebugString: PrimaryIsNotTheChoosenAdapter PrimaryIsNotTheChoosenAdapter 
[2018.12.01-23.05.37:057][  0]LogD3D11RHI:     Adapter Name: NVIDIA GeForce GT 540M
[2018.12.01-23.05.37:057][  0]LogD3D11RHI:   Driver Version: 391.35 (internal:23.21.13.9135, unified:391.35)
[2018.12.01-23.05.37:057][  0]LogD3D11RHI:      Driver Date: 3-23-2018
[2018.12.01-23.05.37:057][  0]LogRHI: Texture pool is 674 MB (70% of 963 MB)
[2018.12.01-23.05.37:157][  0]LogD3D11RHI: Display: Timestamp queries are currently disabled on this hardware due to instability. Realtime GPU stats will not be available. You can override this behaviour by setting r.NVIDIATimestampWorkaround to 0
[2018.12.01-23.05.37:158][  0]LogD3D11RHI: Async texture creation enabled
[2018.12.01-23.05.37:184][  0]LogD3D11RHI: GPU Timing Frequency: 1000.000000 (Debug: 2 2)
[2018.12.01-23.05.37:186][  0]LogShaderCompilers: Guid format shader working directory is -6 characters bigger than the processId version (E:/UnrealProjects/MuffinWarStarter/MuffinWarStarter/Intermediate/Shaders/WorkingDirectory/15328/).
[2018.12.01-23.05.37:187][  0]LogShaderCompilers: Cleaned the shader compiler working directory 'C:/Users/darin/AppData/Local/Temp/UnrealShaderWorkingDir/D3A8DFC0418EEA57E23120AB2A4ACCDE/'.
[2018.12.01-23.05.38:076][  0]LogTemp: Display: Loaded TP AllDesktopTargetPlatform
[2018.12.01-23.05.38:116][  0]LogTemp: Display: Loaded TP MacClientTargetPlatform
[2018.12.01-23.05.38:154][  0]LogTemp: Display: Loaded TP MacNoEditorTargetPlatform
[2018.12.01-23.05.38:196][  0]LogTemp: Display: Loaded TP MacServerTargetPlatform
[2018.12.01-23.05.38:239][  0]LogTemp: Display: Loaded TP MacTargetPlatform
[2018.12.01-23.05.38:279][  0]LogTemp: Display: Loaded TP WindowsClientTargetPlatform
[2018.12.01-23.05.38:318][  0]LogTemp: Display: Loaded TP WindowsNoEditorTargetPlatform
[2018.12.01-23.05.38:359][  0]LogTemp: Display: Loaded TP WindowsServerTargetPlatform
[2018.12.01-23.05.38:378][  0]LogTemp: Display: Loaded TP WindowsTargetPlatform
[2018.12.01-23.05.38:600][  0]LogTemp: Display: Loaded TP AndroidTargetPlatform
[2018.12.01-23.05.38:600][  0]LogTemp: Display: Loaded TP AndroidTargetPlatform
[2018.12.01-23.05.38:600][  0]LogTemp: Display: Loaded TP AndroidTargetPlatform
[2018.12.01-23.05.38:600][  0]LogTemp: Display: Loaded TP AndroidTargetPlatform
[2018.12.01-23.05.38:600][  0]LogTemp: Display: Loaded TP AndroidTargetPlatform
[2018.12.01-23.05.38:600][  0]LogTemp: Display: Loaded TP AndroidTargetPlatform
[2018.12.01-23.05.38:600][  0]LogTemp: Display: Loaded TP AndroidTargetPlatform
[2018.12.01-23.05.38:600][  0]LogTemp: Display: Loaded TP AndroidTargetPlatform
[2018.12.01-23.05.38:600][  0]LogTemp: Display: Loaded TP AndroidTargetPlatform
[2018.12.01-23.05.38:600][  0]LogTemp: Display: Loaded TP AndroidTargetPlatform
[2018.12.01-23.05.38:600][  0]LogTemp: Display: Loaded TP AndroidTargetPlatform
[2018.12.01-23.05.38:600][  0]LogTemp: Display: Loaded TP AndroidTargetPlatform
[2018.12.01-23.05.38:600][  0]LogTemp: Display: Loaded TP AndroidTargetPlatform
[2018.12.01-23.05.38:600][  0]LogTemp: Display: Loaded TP AndroidTargetPlatform
[2018.12.01-23.05.38:600][  0]LogTemp: Display: Loaded TP AndroidTargetPlatform
[2018.12.01-23.05.38:600][  0]LogTemp: Display: Loaded TP AndroidTargetPlatform
[2018.12.01-23.05.38:600][  0]LogTemp: Display: Loaded TP AndroidTargetPlatform
[2018.12.01-23.05.38:600][  0]LogTemp: Display: Loaded TP AndroidTargetPlatform
[2018.12.01-23.05.38:608][  0]LogTemp: Display: Loaded TP HTML5TargetPlatform
[2018.12.01-23.05.38:720][  0]LogTemp: Display: Loaded TP IOSTargetPlatform
[2018.12.01-23.05.38:720][  0]LogTemp: Display: Loaded TP IOSTargetPlatform
[2018.12.01-23.05.38:783][  0]LogTemp: Display: Loaded TP TVOSTargetPlatform
[2018.12.01-23.05.38:783][  0]LogTemp: Display: Loaded TP TVOSTargetPlatform
[2018.12.01-23.05.38:816][  0]LogTemp: Display: Loaded TP LinuxClientTargetPlatform
[2018.12.01-23.05.38:853][  0]LogTemp: Display: Loaded TP LinuxNoEditorTargetPlatform
[2018.12.01-23.05.38:892][  0]LogTemp: Display: Loaded TP LinuxServerTargetPlatform
[2018.12.01-23.05.38:928][  0]LogTemp: Display: Loaded TP LinuxTargetPlatform
[2018.12.01-23.05.38:957][  0]LogTemp: Display: Loaded TP LuminTargetPlatform
[2018.12.01-23.05.38:957][  0]LogTargetPlatformManager: Display: Building Assets For Windows
[2018.12.01-23.05.39:195][  0]LogXGEController: Cleaning working directory: C:/Users/darin/AppData/Local/Temp/UnrealXGEWorkingDir/
[2018.12.01-23.05.39:196][  0]LogXGEController: Cannot use XGE Controller as Incredibuild is not installed on this machine.
[2018.12.01-23.05.39:196][  0]LogShaderCompilers: Cannot use XGE Shader Compiler as Incredibuild is not installed on this machine.
[2018.12.01-23.05.39:196][  0]LogShaderCompilers: Display: Using Local Shader Compiler.
[2018.12.01-23.05.41:714][  0]LogDerivedDataCache: Display: Max Cache Size: 512 MB
[2018.12.01-23.05.41:885][  0]LogDerivedDataCache: Loaded boot cache 0.17s 71MB C:/Users/darin/AppData/Local/UnrealEngine/4.20/DerivedDataCache/Boot.ddc.
[2018.12.01-23.05.41:887][  0]LogDerivedDataCache: Display: Loaded Boot cache: C:/Users/darin/AppData/Local/UnrealEngine/4.20/DerivedDataCache/Boot.ddc
[2018.12.01-23.05.41:887][  0]LogDerivedDataCache: FDerivedDataBackendGraph:  Pak pak cache file E:/UnrealProjects/MuffinWarStarter/MuffinWarStarter/DerivedDataCache/DDC.ddp not found, will not use a pak cache.
[2018.12.01-23.05.41:887][  0]LogDerivedDataCache: Unable to find inner node Pak for hierarchical cache Hierarchy.
[2018.12.01-23.05.41:887][  0]LogDerivedDataCache: FDerivedDataBackendGraph:  CompressedPak pak cache file E:/UnrealProjects/MuffinWarStarter/MuffinWarStarter/DerivedDataCache/Compressed.ddp not found, will not use a pak cache.
[2018.12.01-23.05.41:887][  0]LogDerivedDataCache: Unable to find inner node CompressedPak for hierarchical cache Hierarchy.
[2018.12.01-23.05.41:915][  0]LogDerivedDataCache: Display: Pak cache opened for reading ../../../Engine/DerivedDataCache/Compressed.ddp.
[2018.12.01-23.05.41:929][  0]LogDerivedDataCache: Using Local data cache path C:/Users/darin/AppData/Local/UnrealEngine/Common/DerivedDataCache: Writable
[2018.12.01-23.05.41:929][  0]LogDerivedDataCache: Shared data cache path not found in *engine.ini, will not use an Shared cache.
[2018.12.01-23.05.41:930][  0]LogDerivedDataCache: Unable to find inner node Shared for hierarchical cache Hierarchy.
[2018.12.01-23.05.41:973][  0]LogMaterial: Verifying Global Shaders for PCD3D_SM5
[2018.12.01-23.05.41:975][  0]LogSlate: Using FreeType 2.6.0
[2018.12.01-23.05.41:978][  0]LogSlate: SlateFontServices - WITH_FREETYPE: 1, WITH_HARFBUZZ: 1
[2018.12.01-23.05.42:209][  0]LogAssetRegistry: FAssetRegistry took 0.0334 seconds to start up
[2018.12.01-23.05.43:359][  0]LogInit: Selected Device Profile: [Windows]
[2018.12.01-23.05.43:801][  0]LogSimplygon: Simplygon DLL not present - disabling.
[2018.12.01-23.05.43:822][  0]LogMeshReduction: Using SimplygonSwarm for distributed automatic mesh merging
[2018.12.01-23.05.43:822][  0]LogMeshReduction: Using ProxyLODMeshReduction for automatic mesh merging
[2018.12.01-23.05.43:822][  0]LogMeshReduction: Using QuadricMeshReduction for automatic static mesh reduction
[2018.12.01-23.05.43:822][  0]LogMeshReduction: No automatic skeletal mesh reduction module available
[2018.12.01-23.05.43:878][  0]LogNetVersion: MuffinWar 1.0.0, NetCL: 4212847, EngineNetVer: 5, GameNetVer: 0 (Checksum: 1776223365)
[2018.12.01-23.05.45:426][  0]LogPackageLocalizationCache: Processed 11 localized package path(s) for 2 prioritized culture(s) in 0.195364 seconds
[2018.12.01-23.05.45:441][  0]LogUObjectArray: 38425 objects as part of root set at end of initial load.
[2018.12.01-23.05.45:441][  0]LogUObjectAllocator: 6690872 out of 0 bytes used by permanent object pool.
[2018.12.01-23.05.45:441][  0]LogUObjectArray: CloseDisregardForGC: 0/0 objects in disregard for GC pool
[2018.12.01-23.05.48:911][  0]LogTcpMessaging: Initializing TcpMessaging bridge
[2018.12.01-23.05.48:947][  0]LogUdpMessaging: Initializing bridge on interface 0.0.0.0:0 to multicast group 230.0.0.1:6666.
[2018.12.01-23.05.49:285][  0]SourceControl: Source control is disabled
[2018.12.01-23.05.49:285][  0]SourceControl: Source control is disabled
[2018.12.01-23.05.49:292][  0]SourceControl: Source control is disabled
[2018.12.01-23.05.49:297][  0]SourceControl: Source control is disabled
[2018.12.01-23.05.49:697][  0]LogAndroidPermission: UAndroidPermissionCallbackProxy::GetInstance
[2018.12.01-23.05.49:844][  0]LogOcInput: OculusInput pre-init called
[2018.12.01-23.05.50:001][  0]LogEngine: Initializing Engine...
[2018.12.01-23.05.50:004][  0]LogHMD: Failed to initialize OpenVR with code 110
[2018.12.01-23.05.50:007][  0]LogStats: UGameplayTagsManager::ConstructGameplayTagTree: ImportINI prefixes -  0.000 s
[2018.12.01-23.05.50:007][  0]LogStats: UGameplayTagsManager::ConstructGameplayTagTree: Construct from data asset -  0.000 s
[2018.12.01-23.05.50:007][  0]LogStats: UGameplayTagsManager::ConstructGameplayTagTree: ImportINI -  0.000 s
[2018.12.01-23.05.50:007][  0]LogStats: UGameplayTagsManager::ConstructGameplayTagTree: GameplayTagTreeChangedEvent.Broadcast -  0.000 s
[2018.12.01-23.05.50:533][  0]LogInit: Initializing FReadOnlyCVARCache
[2018.12.01-23.05.50:581][  0]LogAIModule: Creating AISystem for world Untitled
[2018.12.01-23.05.50:601][  0]LogInit: XAudio2 using 'Динамики (Realtek High Definition Audio)' : 2 channels at 48 kHz using 32 bits per sample (channel mask 0x3)
[2018.12.01-23.05.50:708][  0]LogInit: FAudioDevice initialized.
[2018.12.01-23.05.50:708][  0]LogNetVersion: Set ProjectVersion to 1.0.0.0. Version Checksum will be recalculated on next use.
[2018.12.01-23.05.50:848][  0]LogDerivedDataCache: Saved boot cache 0.14s 71MB C:/Users/darin/AppData/Local/UnrealEngine/4.20/DerivedDataCache/Boot.ddc.
[2018.12.01-23.05.50:883][  0]LogInit: Texture streaming: Enabled
[2018.12.01-23.05.50:940][  0]LogEngineSessionManager: EngineSessionManager initialized
[2018.12.01-23.05.50:980][  0]LogInit: Transaction tracking system initialized
[2018.12.01-23.05.51:064][  0]BlueprintLog: New page: Editor Load
[2018.12.01-23.05.51:343][  0]LocalizationService: Localization service is disabled
[2018.12.01-23.05.52:256][  0]LogCook: Display: Max memory allowance for cook 16384mb min free memory 0mb
[2018.12.01-23.05.52:257][  0]LogCook: Display: Mobile HDR setting 1
[2018.12.01-23.05.52:257][  0]LogGameplayTags: Display: UGameplayTagsManager::DoneAddingNativeTags. DelegateIsBound: 0
[2018.12.01-23.05.52:257][  0]LogStats: UGameplayTagsManager::ConstructGameplayTagTree: ImportINI prefixes -  0.000 s
[2018.12.01-23.05.52:257][  0]LogStats: UGameplayTagsManager::ConstructGameplayTagTree: Construct from data asset -  0.000 s
[2018.12.01-23.05.52:258][  0]LogFileCache: Scanning file cache for directory 'E:/UnrealProjects/MuffinWarStarter/MuffinWarStarter/Content/' took 0.01s
[2018.12.01-23.05.52:258][  0]LogStats: UGameplayTagsManager::ConstructGameplayTagTree: ImportINI -  0.000 s
[2018.12.01-23.05.52:258][  0]LogStats: UGameplayTagsManager::ConstructGameplayTagTree: GameplayTagTreeChangedEvent.Broadcast -  0.000 s
[2018.12.01-23.05.52:716][  0]SourceControl: Source control is disabled
[2018.12.01-23.05.52:717][  0]Cmd: MAP LOAD FILE="E:/UnrealProjects/MuffinWarStarter/MuffinWarStarter/Content/MuffinWar/Maps/TutorialMap.umap" TEMPLATE=0 SHOWPROGRESS=1 FEATURELEVEL=3
[2018.12.01-23.05.52:718][  0]LightingResults: New page: Lighting Build
[2018.12.01-23.05.52:726][  0]MapCheck: New page: Map Check
[2018.12.01-23.05.52:727][  0]LightingResults: New page: Lighting Build
[2018.12.01-23.05.53:116][  0]LogTexture: Display: Building textures: HQ_Lightmap0_2 (AutoDXT, 64X64)
[2018.12.01-23.05.53:116][  0]LogTexture: Display: Building textures: HQ_Lightmap0_1 (AutoDXT, 256X256)
[2018.12.01-23.05.53:116][  0]LogTexture: Display: Building textures: LQ_Lightmap_0_1 (DXT1, 256X256)
[2018.12.01-23.05.53:116][  0]LogTexture: Display: Building textures: LQ_Lightmap_0_2 (DXT1, 64X64)
[2018.12.01-23.05.53:116][  0]LogTexture: Display: Building textures: ShadowMapTexture2D_0 (G8, 128X128)
[2018.12.01-23.05.53:116][  0]LogTexture: Display: Building textures: ShadowMapTexture2D_1 (G8, 32X32)
[2018.12.01-23.05.53:116][  0]LogAnimationCompression: Building Anim DDC data for AnimSequence /Game/MuffinWar/Characters/Muffin/Animations/SK_Muffin_Idle.SK_Muffin_Idle
[2018.12.01-23.05.53:118][  0]LogAnimationCompression: Recompressing (AnimSequence /Game/MuffinWar/Characters/Muffin/Animations/SK_Muffin_Idle.SK_Muffin_Idle) using current/default (AnimCompress_BitwiseCompressOnly_0) bFirstRecompressUsingCurrentOrDefault(1) bTryAlternateCompressor(0) IsCompressedDataValid(0)
[2018.12.01-23.05.53:126][  0]LogAnimationCompression: Building Anim DDC data for AnimSequence /Game/MuffinWar/Characters/Muffin/Animations/SK_Muffin_Death.SK_Muffin_Death
[2018.12.01-23.05.53:127][  0]LogAnimationCompression: Recompressing (AnimSequence /Game/MuffinWar/Characters/Muffin/Animations/SK_Muffin_Death.SK_Muffin_Death) using current/default (AnimCompress_BitwiseCompressOnly_0) bFirstRecompressUsingCurrentOrDefault(1) bTryAlternateCompressor(0) IsCompressedDataValid(0)
[2018.12.01-23.05.53:128][  0]LogAnimationCompression: Building Anim DDC data for AnimSequence /Game/MuffinWar/Characters/Muffin/Animations/SK_Muffin_Walk.SK_Muffin_Walk
[2018.12.01-23.05.53:128][  0]LogAnimationCompression: Recompressing (AnimSequence /Game/MuffinWar/Characters/Muffin/Animations/SK_Muffin_Walk.SK_Muffin_Walk) using current/default (AnimCompress_BitwiseCompressOnly_0) bFirstRecompressUsingCurrentOrDefault(1) bTryAlternateCompressor(0) IsCompressedDataValid(0)
[2018.12.01-23.05.54:213][  0]LogTexture: Display: Building textures: T_Muffin_D (AutoDXT, 2048X2048)
[2018.12.01-23.05.54:222][  0]LogMaterial: Display: Missing cached shader map for material M_Muffin, compiling. 
[2018.12.01-23.05.54:373][  0]LogShaderCompilers: Display: Shaders left to compile 60
[2018.12.01-23.05.54:373][  0]LogShaderCompilers: Display: Shaders left to compile 50
[2018.12.01-23.05.54:373][  0]LogShaderCompilers: Display: Shaders left to compile 40
[2018.12.01-23.05.54:373][  0]LogSkeletalMesh: Building Skeletal Mesh SK_Muffin...
[2018.12.01-23.05.54:382][  0]LogSkeletalMesh: Built Skeletal Mesh [0.01s] /Game/MuffinWar/Characters/Muffin/SK_Muffin.SK_Muffin
[2018.12.01-23.05.54:390][  0]LogMaterial: Display: Missing cached shader map for material M_Base, compiling. 
[2018.12.01-23.05.54:550][  0]LogStaticMesh: Building static mesh SM_Fence...
[2018.12.01-23.05.54:574][  0]LogStaticMesh: Built static mesh [0.02s] /Game/MuffinWar/Meshes/SM_Fence.SM_Fence
[2018.12.01-23.05.54:580][  0]LogAnimationCompression: Building Anim DDC data for AnimSequence /Game/MuffinWar/Characters/Muffin/Animations/SK_Muffin_Attack.SK_Muffin_Attack
[2018.12.01-23.05.54:580][  0]LogAnimationCompression: Recompressing (AnimSequence /Game/MuffinWar/Characters/Muffin/Animations/SK_Muffin_Attack.SK_Muffin_Attack) using current/default (AnimCompress_BitwiseCompressOnly_1) bFirstRecompressUsingCurrentOrDefault(1) bTryAlternateCompressor(0) IsCompressedDataValid(0)
[2018.12.01-23.05.54:775][  0]LogAIModule: Creating AISystem for world TutorialMap
[2018.12.01-23.05.54:809][  0]LogEditorServer: Finished looking for orphan Actors (0.000 secs)
[2018.12.01-23.05.54:943][  0]Cmd: MAP CHECKDEP NOCLEARLOG
[2018.12.01-23.05.55:573][  0]MapCheck: Map check complete: 0 Error(s), 0 Warning(s), took 629,932ms to complete.
[2018.12.01-23.05.55:574][  0]LogFileHelpers: Loading map 'TutorialMap' took 2.857
[2018.12.01-23.05.55:833][  0]LogSlate: Updating window title bar state: overlay mode, drag disabled, window buttons hidden, title bar hidden
[2018.12.01-23.05.55:876][  0]LogSlate: Updating window title bar state: overlay mode, drag disabled, window buttons hidden, title bar hidden
[2018.12.01-23.05.55:916][  0]LogSlate: Updating window title bar state: overlay mode, drag disabled, window buttons hidden, title bar hidden
[2018.12.01-23.05.55:954][  0]LogSlate: Updating window title bar state: overlay mode, drag disabled, window buttons hidden, title bar hidden
[2018.12.01-23.05.55:985][  0]LogCollectionManager: Loaded 0 collections in 0.007097 seconds
[2018.12.01-23.05.56:051][  0]LogFileCache: Scanning file cache for directory 'E:/UnrealProjects/MuffinWarStarter/MuffinWarStarter/Saved/Collections/' took 0.01s
[2018.12.01-23.05.56:051][  0]LogFileCache: Scanning file cache for directory 'E:/UnrealProjects/MuffinWarStarter/MuffinWarStarter/Content/Developers/darin/Collections/' took 0.01s
[2018.12.01-23.05.56:051][  0]LogFileCache: Scanning file cache for directory 'E:/UnrealProjects/MuffinWarStarter/MuffinWarStarter/Content/Collections/' took 0.01s
[2018.12.01-23.05.56:051][  0]LogCollectionManager: Rebuilt the GUID cache for 0 collections in 0.000001 seconds
[2018.12.01-23.05.56:107][  0]LogContentBrowser: Native class hierarchy populated in 0.0548 seconds. Added 2572 classes and 603 folders.
[2018.12.01-23.05.56:141][  0]LogContentBrowser: Native class hierarchy updated for 'WidgetCarousel' in 0.0007 seconds. Added 0 classes and 0 folders.
[2018.12.01-23.05.56:391][  0]LogContentBrowser: Native class hierarchy updated for 'AddContentDialog' in 0.0007 seconds. Added 0 classes and 0 folders.
[2018.12.01-23.05.56:411][  0]LogContentBrowser: Native class hierarchy updated for 'SceneOutliner' in 0.0009 seconds. Added 1 classes and 2 folders.
[2018.12.01-23.05.56:480][  0]LogSlate: Took 0.001925 seconds to synchronously load lazily loaded font '../../../Engine/Content/Slate/Fonts/Roboto-Regular.ttf' (155K)
[2018.12.01-23.05.56:489][  0]LogSlate: Took 0.001089 seconds to synchronously load lazily loaded font '../../../Engine/Content/Slate/Fonts/Roboto-Bold.ttf' (160K)
[2018.12.01-23.05.56:515][  0]LogSlate: Took 0.001093 seconds to synchronously load lazily loaded font '../../../Engine/Content/Editor/Slate/Fonts/FontAwesome.ttf' (139K)
[2018.12.01-23.05.56:876][  0]LogRenderer: Reallocating scene render targets to support 648x352 Format 10 NumSamples 1 (Frame:1).
[2018.12.01-23.05.57:617][  0]LogContentBrowser: Native class hierarchy updated for 'HierarchicalLODOutliner' in 0.0012 seconds. Added 0 classes and 0 folders.
[2018.12.01-23.05.57:617][  0]LogLoad: (Engine Initialization) Total time: 26.29 seconds
[2018.12.01-23.05.57:617][  0]LogLoad: (Engine Initialization) Total Blueprint compile time: 0.00 seconds
[2018.12.01-23.05.57:691][  0]LogContentStreaming: Texture pool size now 1000 MB
[2018.12.01-23.06.02:303][  1]LogSlate: Took 0.001240 seconds to synchronously load lazily loaded font '../../../Engine/Content/Slate/Fonts/Roboto-Light.ttf' (167K)
[2018.12.01-23.06.03:142][  9]LogAssetRegistry: Asset discovery search completed in 20.9552 seconds
[2018.12.01-23.06.03:149][  9]LogCollectionManager: Rebuilt the object cache for 0 collections in 0.000001 seconds (found 0 objects)
[2018.12.01-23.06.03:149][  9]LogCollectionManager: Fixed up redirectors for 0 collections in 0.000193 seconds (updated 0 objects)
[2018.12.01-23.06.06:417][ 64]LogShaderCompilers: Display: Shaders left to compile 61
[2018.12.01-23.06.07:733][ 91]LogShaderCompilers: Display: Shaders left to compile 51
[2018.12.01-23.06.11:193][102]LogShaderCompilers: Display: Shaders left to compile 41
[2018.12.01-23.06.15:675][148]LogSlate: FSceneViewport::OnFocusLost() reason 0
[2018.12.01-23.06.17:361][160]LogShaderCompilers: Display: Shaders left to compile 31
[2018.12.01-23.06.19:792][160]LogShaderCompilers: Display: Shaders left to compile 21
[2018.12.01-23.06.24:126][192]LogShaderCompilers: Display: Shaders left to compile 11
[2018.12.01-23.06.25:060][209]LogShaderCompilers: Display: Shaders left to compile 1
[2018.12.01-23.07.19:723][ 35]LogTemp: Repeating last play command: Selected Viewport
[2018.12.01-23.07.19:737][ 35]LogBlueprintUserMessages: Early PlayInEditor Detection: Level '/Game/MuffinWar/Maps/TutorialMap.TutorialMap:PersistentLevel' has LevelScriptBlueprint '/Game/MuffinWar/Maps/TutorialMap.TutorialMap:PersistentLevel.TutorialMap' with GeneratedClass '/Game/MuffinWar/Maps/TutorialMap.TutorialMap_C' with ClassGeneratedBy '/Game/MuffinWar/Maps/TutorialMap.TutorialMap:PersistentLevel.TutorialMap'
[2018.12.01-23.07.19:737][ 35]LogPlayLevel: PlayLevel: No blueprints needed recompiling
[2018.12.01-23.07.19:751][ 35]PIE: New page: PIE session: TutorialMap (2 дек. 2018 г., 3:07:19)
[2018.12.01-23.07.19:751][ 35]LogPlayLevel: Creating play world package: /Game/MuffinWar/Maps/UEDPIE_0_TutorialMap
[2018.12.01-23.07.19:765][ 35]LogPlayLevel: PIE: StaticDuplicateObject took: (0.014178s)
[2018.12.01-23.07.19:767][ 35]LogAIModule: Creating AISystem for world TutorialMap
[2018.12.01-23.07.19:767][ 35]LogPlayLevel: PIE: World Init took: (0.001709s)
[2018.12.01-23.07.19:767][ 35]LogPlayLevel: PIE: Created PIE world by copying editor world from /Game/MuffinWar/Maps/TutorialMap.TutorialMap to /Game/MuffinWar/Maps/UEDPIE_0_TutorialMap.TutorialMap (0.016237s)
[2018.12.01-23.07.19:806][ 35]LogInit: XAudio2 using 'Динамики (Realtek High Definition Audio)' : 2 channels at 48 kHz using 32 bits per sample (channel mask 0x3)
[2018.12.01-23.07.19:839][ 35]LogInit: FAudioDevice initialized.
[2018.12.01-23.07.19:891][ 35]LogLoad: Game class is 'GM_Tutorial_C'
[2018.12.01-23.07.19:897][ 35]LogWorld: Bringing World /Game/MuffinWar/Maps/UEDPIE_0_TutorialMap.TutorialMap up for play (max tick rate 60) at 2018.12.02-01.07.19
[2018.12.01-23.07.19:898][ 35]LogWorld: Bringing up level for play took: 0.005488
[2018.12.01-23.07.19:928][ 35]LogContentBrowser: Native class hierarchy updated for 'MovieSceneCapture' in 0.0006 seconds. Added 10 classes and 0 folders.
[2018.12.01-23.07.19:930][ 35]Cmd: r.TonemapperFilm 0
[2018.12.01-23.07.19:931][ 35]r.TonemapperFilm = "0"
[2018.12.01-23.07.19:932][ 35]PIE: Play in editor start time for /Game/MuffinWar/Maps/UEDPIE_0_TutorialMap 0,648
[2018.12.01-23.07.19:932][ 35]LogBlueprintUserMessages: Late PlayInEditor Detection: Level '/Game/MuffinWar/Maps/TutorialMap.TutorialMap:PersistentLevel' has LevelScriptBlueprint '/Game/MuffinWar/Maps/TutorialMap.TutorialMap:PersistentLevel.TutorialMap' with GeneratedClass '/Game/MuffinWar/Maps/TutorialMap.TutorialMap_C' with ClassGeneratedBy '/Game/MuffinWar/Maps/TutorialMap.TutorialMap:PersistentLevel.TutorialMap'
[2018.12.01-23.07.31:250][364]LogSlate: FSceneViewport::OnFocusLost() reason 0
[2018.12.01-23.07.32:947][443]LogBlueprintUserMessages: Early EndPlayMap Detection: Level '/Game/MuffinWar/Maps/TutorialMap.TutorialMap:PersistentLevel' has LevelScriptBlueprint '/Game/MuffinWar/Maps/TutorialMap.TutorialMap:PersistentLevel.TutorialMap' with GeneratedClass '/Game/MuffinWar/Maps/TutorialMap.TutorialMap_C' with ClassGeneratedBy '/Game/MuffinWar/Maps/TutorialMap.TutorialMap:PersistentLevel.TutorialMap'
[2018.12.01-23.07.32:947][443]LogSlate: Updating window title bar state: overlay mode, drag disabled, window buttons hidden, title bar hidden
[2018.12.01-23.07.32:992][443]LogPlayLevel: Display: Shutting down PIE online subsystems
[2018.12.01-23.07.32:993][443]LogBlueprintUserMessages: Late EndPlayMap Detection: Level '/Game/MuffinWar/Maps/TutorialMap.TutorialMap:PersistentLevel' has LevelScriptBlueprint '/Game/MuffinWar/Maps/TutorialMap.TutorialMap:PersistentLevel.TutorialMap' with GeneratedClass '/Game/MuffinWar/Maps/TutorialMap.TutorialMap_C' with ClassGeneratedBy '/Game/MuffinWar/Maps/TutorialMap.TutorialMap:PersistentLevel.TutorialMap'
[2018.12.01-23.07.33:032][443]LogSlate: Updating window title bar state: overlay mode, drag disabled, window buttons hidden, title bar hidden
[2018.12.01-23.07.33:061][444]LogPlayLevel: Display: Destroying online subsystem :Context_1
[2018.12.01-23.07.37:175][516]LogSlate: Window 'MuffinWar - Unreal Editor' being destroyed
[2018.12.01-23.07.37:176][516]LogWindowsTextInputMethodSystem: Display: IME system now deactivated.
[2018.12.01-23.07.37:496][517]Cmd: QUIT_EDITOR
[2018.12.01-23.07.38:516][517]LogExit: Preparing to exit.
[2018.12.01-23.07.39:113][517]LogExit: Editor shut down
[2018.12.01-23.07.39:114][517]LogExit: Transaction tracking system shut down
[2018.12.01-23.07.39:918][517]LogExit: Object subsystem successfully closed.
[2018.12.01-23.07.39:940][517]LogShaderCompilers: Display: Shaders left to compile 0
[2018.12.01-23.07.39:944][517]LogD3D11RHI: Shutdown
[2018.12.01-23.07.39:944][517]LogD3D11RHI: CleanupD3DDevice
[2018.12.01-23.07.39:946][517]LogD3D11RHI: ~FD3D11DynamicRHI
[2018.12.01-23.07.40:083][517]LogModuleManager: Shutting down and abandoning module MovieSceneCapture (616)
[2018.12.01-23.07.40:083][517]LogModuleManager: Shutting down and abandoning module Voice (614)
[2018.12.01-23.07.40:083][517]LogModuleManager: Shutting down and abandoning module HierarchicalLODOutliner (612)
[2018.12.01-23.07.40:083][517]LogModuleManager: Shutting down and abandoning module SceneOutliner (610)
[2018.12.01-23.07.40:083][517]LogModuleManager: Shutting down and abandoning module AddContentDialog (608)
[2018.12.01-23.07.40:084][517]LogModuleManager: Shutting down and abandoning module WidgetCarousel (607)
[2018.12.01-23.07.40:084][517]LogModuleManager: Shutting down and abandoning module EditorWidgets (604)
[2018.12.01-23.07.40:084][517]LogModuleManager: Shutting down and abandoning module CollectionManager (602)
[2018.12.01-23.07.40:085][517]LogModuleManager: Shutting down and abandoning module MeshBuilder (600)
[2018.12.01-23.07.40:085][517]LogModuleManager: Shutting down and abandoning module StatsViewer (598)
[2018.12.01-23.07.40:085][517]LogModuleManager: Shutting down and abandoning module FoliageEdit (596)
[2018.12.01-23.07.40:085][517]LogModuleManager: Shutting down and abandoning module LandscapeEditor (594)
[2018.12.01-23.07.40:085][517]LogModuleManager: Shutting down and abandoning module MeshPaintMode (592)
[2018.12.01-23.07.40:085][517]LogModuleManager: Shutting down and abandoning module SceneDepthPickerMode (590)
[2018.12.01-23.07.40:085][517]LogModuleManager: Shutting down and abandoning module ActorPickerMode (588)
[2018.12.01-23.07.40:085][517]LogModuleManager: Shutting down and abandoning module GeometryMode (586)
[2018.12.01-23.07.40:085][517]LogModuleManager: Shutting down and abandoning module TextureAlignMode (584)
[2018.12.01-23.07.40:085][517]LogModuleManager: Shutting down and abandoning module BspMode (582)
[2018.12.01-23.07.40:085][517]LogModuleManager: Shutting down and abandoning module PIEPreviewDeviceProfileSelector (580)
[2018.12.01-23.07.40:085][517]LogModuleManager: Shutting down and abandoning module SequenceRecorderSections (578)
[2018.12.01-23.07.40:085][517]LogModuleManager: Shutting down and abandoning module AutomationWorker (576)
[2018.12.01-23.07.40:085][517]LogModuleManager: Shutting down and abandoning module AudioCaptureEditor (574)
[2018.12.01-23.07.40:086][517]LogModuleManager: Shutting down and abandoning module SequenceRecorder (573)
[2018.12.01-23.07.40:086][517]LogModuleManager: Shutting down and abandoning module MatineeToLevelSequence (570)
[2018.12.01-23.07.40:086][517]LogModuleManager: Shutting down and abandoning module LevelSequenceEditor (568)
[2018.12.01-23.07.40:086][517]LogModuleManager: Shutting down and abandoning module PlacementMode (567)
[2018.12.01-23.07.40:086][517]LogModuleManager: Shutting down and abandoning module MaterialEditor (566)
[2018.12.01-23.07.40:086][517]LogModuleManager: Shutting down and abandoning module WmfMediaFactory (562)
[2018.12.01-23.07.40:086][517]LogModuleManager: Shutting down and abandoning module WmfMediaEditor (560)
[2018.12.01-23.07.40:086][517]LogModuleManager: Shutting down and abandoning module MediaPlayerEditor (558)
[2018.12.01-23.07.40:086][517]LogModuleManager: Shutting down and abandoning module OpenExrWrapper (556)
[2018.12.01-23.07.40:086][517]LogModuleManager: Shutting down and abandoning module ImgMediaFactory (554)
[2018.12.01-23.07.40:086][517]LogModuleManager: Shutting down and abandoning module ImgMediaEditor (552)
[2018.12.01-23.07.40:086][517]LogModuleManager: Shutting down and abandoning module AvfMediaFactory (550)
[2018.12.01-23.07.40:086][517]LogModuleManager: Shutting down and abandoning module AvfMediaEditor (548)
[2018.12.01-23.07.40:086][517]LogModuleManager: Shutting down and abandoning module AndroidMediaFactory (546)
[2018.12.01-23.07.40:087][517]LogModuleManager: Shutting down and abandoning module AndroidMediaEditor (544)
[2018.12.01-23.07.40:087][517]LogModuleManager: Shutting down and abandoning module MagicLeapCameraPreviewFactory (542)
[2018.12.01-23.07.40:087][517]LogModuleManager: Shutting down and abandoning module MagicLeapMediaFactory (540)
[2018.12.01-23.07.40:087][517]LogModuleManager: Shutting down and abandoning module MagicLeapMediaEditor (538)
[2018.12.01-23.07.40:087][517]LogModuleManager: Shutting down and abandoning module CharacterAI (536)
[2018.12.01-23.07.40:087][517]LogModuleManager: Shutting down and abandoning module SmartSnapping (534)
[2018.12.01-23.07.40:087][517]LogModuleManager: Shutting down and abandoning module SessionServices (532)
[2018.12.01-23.07.40:087][517]LogModuleManager: Shutting down and abandoning module ViewportSnapping (530)
[2018.12.01-23.07.40:087][517]LogModuleManager: Shutting down and abandoning module ViewportInteraction (528)
[2018.12.01-23.07.40:087][517]LogModuleManager: Shutting down and abandoning module ClothPainter (526)
[2018.12.01-23.07.40:087][517]LogModuleManager: Shutting down and abandoning module SkeletalMeshEditor (525)
[2018.12.01-23.07.40:087][517]LogModuleManager: Shutting down and abandoning module LogVisualizer (522)
[2018.12.01-23.07.40:087][517]LogModuleManager: Shutting down and abandoning module IntroTutorials (520)
[2018.12.01-23.07.40:087][517]LogModuleManager: Shutting down and abandoning module GameProjectGeneration (519)
[2018.12.01-23.07.40:087][517]LogModuleManager: Shutting down and abandoning module LuminPlatformEditor (516)
[2018.12.01-23.07.40:087][517]LogModuleManager: Shutting down and abandoning module IOSPlatformEditor (514)
[2018.12.01-23.07.40:088][517]LogModuleManager: Shutting down and abandoning module HTML5PlatformEditor (512)
[2018.12.01-23.07.40:088][517]LogModuleManager: Shutting down and abandoning module AndroidPlatformEditor (510)
[2018.12.01-23.07.40:088][517]LogModuleManager: Shutting down and abandoning module AndroidDeviceDetection (509)
[2018.12.01-23.07.40:521][517]LogModuleManager: Shutting down and abandoning module WindowsPlatformEditor (506)
[2018.12.01-23.07.40:521][517]LogModuleManager: Shutting down and abandoning module LuminRuntimeSettings (504)
[2018.12.01-23.07.40:521][517]LogModuleManager: Shutting down and abandoning module IOSRuntimeSettings (502)
[2018.12.01-23.07.40:521][517]LogModuleManager: Shutting down and abandoning module AndroidRuntimeSettings (500)
[2018.12.01-23.07.40:522][517]LogModuleManager: Shutting down and abandoning module InputBindingEditor (498)
[2018.12.01-23.07.40:522][517]LogModuleManager: Shutting down and abandoning module MergeActors (496)
[2018.12.01-23.07.40:522][517]LogModuleManager: Shutting down and abandoning module LocalizationDashboard (494)
[2018.12.01-23.07.40:522][517]LogModuleManager: Shutting down and abandoning module LocalizationService (493)
[2018.12.01-23.07.40:522][517]LogModuleManager: Shutting down and abandoning module HardwareTargeting (490)
[2018.12.01-23.07.40:522][517]LogModuleManager: Shutting down and abandoning module DeviceProfileEditor (488)
[2018.12.01-23.07.40:523][517]LogModuleManager: Shutting down and abandoning module UndoHistory (486)
[2018.12.01-23.07.40:523][517]LogModuleManager: Shutting down and abandoning module XmlParser (484)
[2018.12.01-23.07.40:523][517]LogModuleManager: Shutting down and abandoning module Blutility (482)
[2018.12.01-23.07.40:523][517]LogModuleManager: Shutting down and abandoning module ProjectSettingsViewer (480)
[2018.12.01-23.07.40:523][517]LogModuleManager: Shutting down and abandoning module ProjectTargetPlatformEditor (479)
[2018.12.01-23.07.40:524][517]LogModuleManager: Shutting down and abandoning module EditorSettingsViewer (476)
[2018.12.01-23.07.40:524][517]LogModuleManager: Shutting down and abandoning module SettingsEditor (474)
[2018.12.01-23.07.40:524][517]LogModuleManager: Shutting down and abandoning module ProjectLauncher (472)
[2018.12.01-23.07.40:524][517]LogModuleManager: Shutting down and abandoning module SessionFrontend (470)
[2018.12.01-23.07.40:525][517]LogModuleManager: Shutting down and abandoning module ProfilerClient (468)
[2018.12.01-23.07.40:525][517]LogModuleManager: Shutting down and abandoning module DeviceManager (466)
[2018.12.01-23.07.40:525][517]LogModuleManager: Shutting down and abandoning module TargetDeviceServices (465)
[2018.12.01-23.07.40:577][517]LogModuleManager: Shutting down and abandoning module AutomationController (462)
[2018.12.01-23.07.40:577][517]LogModuleManager: Shutting down and abandoning module AutomationWindow (460)
[2018.12.01-23.07.40:577][517]LogModuleManager: Shutting down and abandoning module Layers (458)
[2018.12.01-23.07.40:577][517]LogModuleManager: Shutting down and abandoning module ComponentVisualizers (456)
[2018.12.01-23.07.40:578][517]LogModuleManager: Shutting down and abandoning module DetailCustomizations (454)
[2018.12.01-23.07.40:578][517]LogModuleManager: Shutting down and abandoning module PackagesDialog (452)
[2018.12.01-23.07.40:578][517]LogModuleManager: Shutting down and abandoning module Persona (450)
[2018.12.01-23.07.40:578][517]LogModuleManager: Shutting down and abandoning module AdvancedPreviewScene (449)
[2018.12.01-23.07.40:578][517]LogModuleManager: Shutting down and abandoning module AnimGraph (447)
[2018.12.01-23.07.40:578][517]LogModuleManager: Shutting down and abandoning module Kismet (444)
[2018.12.01-23.07.40:579][517]LogModuleManager: Shutting down and abandoning module GraphEditor (442)
[2018.12.01-23.07.40:579][517]LogModuleManager: Shutting down and abandoning module ClassViewer (440)
[2018.12.01-23.07.40:579][517]LogModuleManager: Shutting down and abandoning module Toolbox (438)
[2018.12.01-23.07.40:579][517]LogModuleManager: Shutting down and abandoning module ModuleUI (436)
[2018.12.01-23.07.40:579][517]LogModuleManager: Shutting down and abandoning module MovieSceneTools (434)
[2018.12.01-23.07.40:579][517]LogModuleManager: Shutting down and abandoning module OutputLog (432)
[2018.12.01-23.07.40:579][517]LogModuleManager: Shutting down and abandoning module GammaUI (430)
[2018.12.01-23.07.40:579][517]LogModuleManager: Shutting down and abandoning module Documentation (428)
[2018.12.01-23.07.40:579][517]LogModuleManager: Shutting down and abandoning module MovieSceneTracks (426)
[2018.12.01-23.07.40:579][517]LogModuleManager: Shutting down and abandoning module MovieScene (424)
[2018.12.01-23.07.40:579][517]LogModuleManager: Shutting down and abandoning module StreamingPauseRendering (422)
[2018.12.01-23.07.40:580][517]LogModuleManager: Shutting down and abandoning module LauncherPlatform (420)
[2018.12.01-23.07.40:580][517]LogModuleManager: Shutting down and abandoning module AnalyticsET (418)
[2018.12.01-23.07.40:580][517]LogModuleManager: Shutting down and abandoning module PortalServices (416)
[2018.12.01-23.07.40:580][517]LogModuleManager: Shutting down and abandoning module PortalRpc (414)
[2018.12.01-23.07.40:580][517]LogModuleManager: Shutting down and abandoning module MessagingRpc (412)
[2018.12.01-23.07.40:580][517]LogModuleManager: Shutting down and abandoning module AIModule (410)
[2018.12.01-23.07.40:580][517]LogModuleManager: Shutting down and abandoning module GameplayDebugger (409)
[2018.12.01-23.07.40:580][517]LogModuleManager: Shutting down and abandoning module AITestSuite (407)
[2018.12.01-23.07.40:580][517]LogModuleManager: Shutting down and abandoning module NavigationSystem (405)
[2018.12.01-23.07.40:580][517]LogModuleManager: Shutting down and abandoning module DesktopPlatform (402)
[2018.12.01-23.07.40:580][517]LogModuleManager: Shutting down and abandoning module ProfilerService (400)
[2018.12.01-23.07.40:608][517]LogModuleManager: Shutting down and abandoning module TaskGraph (398)
[2018.12.01-23.07.40:611][517]LogModuleManager: Shutting down and abandoning module SteamVRController (396)
[2018.12.01-23.07.40:611][517]LogModuleManager: Shutting down and abandoning module ProceduralMeshComponentEditor (394)
[2018.12.01-23.07.40:611][517]LogModuleManager: Shutting down and abandoning module ProceduralMeshComponent (392)
[2018.12.01-23.07.40:612][517]LogModuleManager: Shutting down and abandoning module OculusInput (390)
[2018.12.01-23.07.40:612][517]LogModuleManager: Shutting down and abandoning module MobilePatchingUtils (388)
[2018.12.01-23.07.40:612][517]LogModuleManager: Shutting down and abandoning module EditableMesh (386)
[2018.12.01-23.07.40:612][517]LogModuleManager: Shutting down and abandoning module CustomMeshComponent (384)
[2018.12.01-23.07.40:613][517]LogModuleManager: Shutting down and abandoning module CableComponent (382)
[2018.12.01-23.07.40:613][517]LogModuleManager: Shutting down and abandoning module AudioCapture (380)
[2018.12.01-23.07.40:613][517]LogModuleManager: Shutting down and abandoning module ArchVisCharacter (378)
[2018.12.01-23.07.40:613][517]LogModuleManager: Shutting down and abandoning module AndroidPermission (376)
[2018.12.01-23.07.40:613][517]LogModuleManager: Shutting down and abandoning module NUTUnrealEngine4 (374)
[2018.12.01-23.07.40:613][517]LogModuleManager: Shutting down and abandoning module NetcodeUnitTest (372)
[2018.12.01-23.07.40:614][517]LogModuleManager: Shutting down and abandoning module MediaCompositingEditor (370)
[2018.12.01-23.07.40:614][517]LogModuleManager: Shutting down and abandoning module MediaCompositing (368)
[2018.12.01-23.07.40:614][517]LogModuleManager: Shutting down and abandoning module LinearTimecode (366)
[2018.12.01-23.07.40:614][517]LogModuleManager: Shutting down and abandoning module ImgMedia (364)
[2018.12.01-23.07.40:623][517]LogModuleManager: Shutting down and abandoning module HTML5Networking (362)
[2018.12.01-23.07.40:623][517]LogModuleManager: Shutting down and abandoning module GeometryCacheTracks (360)
[2018.12.01-23.07.40:624][517]LogModuleManager: Shutting down and abandoning module GeometryCacheSequencer (358)
[2018.12.01-23.07.40:624][517]LogModuleManager: Shutting down and abandoning module BackChannel (356)
[2018.12.01-23.07.40:624][517]LogModuleManager: Shutting down and abandoning module AppleVision (354)
[2018.12.01-23.07.40:624][517]LogModuleManager: Shutting down and abandoning module AppleImageUtils (352)
[2018.12.01-23.07.40:624][517]LogModuleManager: Shutting down and abandoning module AlembicImporter (350)
[2018.12.01-23.07.40:624][517]LogModuleManager: Shutting down and abandoning module AlembicLibrary (349)
[2018.12.01-23.07.40:624][517]LogModuleManager: Shutting down and abandoning module GeometryCache (348)
[2018.12.01-23.07.40:624][517]LogModuleManager: Shutting down and abandoning module GeometryCacheEd (347)
[2018.12.01-23.07.40:624][517]LogModuleManager: Shutting down and abandoning module DatasmithContentEditor (342)
[2018.12.01-23.07.40:624][517]LogModuleManager: Shutting down and abandoning module DatasmithContent (340)
[2018.12.01-23.07.40:625][517]LogModuleManager: Shutting down and abandoning module SpeedTreeImporter (338)
[2018.12.01-23.07.40:625][517]LogModuleManager: Shutting down and abandoning module PluginBrowser (336)
[2018.12.01-23.07.40:626][517]LogModuleManager: Shutting down and abandoning module MobileLauncherProfileWizard (334)
[2018.12.01-23.07.40:626][517]LogModuleManager: Shutting down and abandoning module PolygonModeling (332)
[2018.12.01-23.07.40:626][517]LogModuleManager: Shutting down and abandoning module MeshEditor (330)
[2018.12.01-23.07.40:626][517]LogModuleManager: Shutting down and abandoning module CryptoKeysOpenSSL (328)
[2018.12.01-23.07.40:626][517]LogModuleManager: Shutting down and abandoning module CryptoKeys (326)
[2018.12.01-23.07.40:627][517]LogModuleManager: Shutting down and abandoning module VisualStudioSourceCodeAccess (324)
[2018.12.01-23.07.40:627][517]LogModuleManager: Shutting down and abandoning module VisualStudioCodeSourceCodeAccess (322)
[2018.12.01-23.07.40:627][517]LogModuleManager: Shutting down and abandoning module UObjectPlugin (320)
[2018.12.01-23.07.40:627][517]LogModuleManager: Shutting down and abandoning module SubversionSourceControl (318)
[2018.12.01-23.07.40:627][517]LogModuleManager: Shutting down and abandoning module PerforceSourceControl (316)
[2018.12.01-23.07.40:627][517]LogModuleManager: Shutting down and abandoning module GitSourceControl (314)
[2018.12.01-23.07.40:627][517]LogModuleManager: Shutting down and abandoning module SourceControl (313)
[2018.12.01-23.07.40:627][517]LogModuleManager: Shutting down and abandoning module CLionSourceCodeAccess (310)
[2018.12.01-23.07.40:627][517]LogModuleManager: Shutting down and abandoning module LightPropagationVolumeEditor (308)
[2018.12.01-23.07.40:627][517]LogModuleManager: Shutting down and abandoning module PaperTiledImporter (306)
[2018.12.01-23.07.40:627][517]LogModuleManager: Shutting down and abandoning module PaperSpriteSheetImporter (304)
[2018.12.01-23.07.40:628][517]LogModuleManager: Shutting down and abandoning module Paper2DEditor (302)
[2018.12.01-23.07.40:628][517]LogModuleManager: Shutting down and abandoning module MeshPaint (301)
[2018.12.01-23.07.40:628][517]LogModuleManager: Shutting down and abandoning module RuntimePhysXCooking (298)
[2018.12.01-23.07.40:628][517]LogModuleManager: Shutting down and abandoning module PhysXVehiclesEditor (296)
[2018.12.01-23.07.40:628][517]LogModuleManager: Shutting down and abandoning module PhysXVehicles (294)
[2018.12.01-23.07.40:628][517]LogModuleManager: Shutting down and abandoning module OculusEditor (292)
[2018.12.01-23.07.40:628][517]LogModuleManager: Shutting down and abandoning module LocationServicesBPLibrary (290)
[2018.12.01-23.07.40:628][517]LogModuleManager: Shutting down and abandoning module ImmediatePhysicsEditor (288)
[2018.12.01-23.07.40:628][517]LogModuleManager: Shutting down and abandoning module ImmediatePhysics (286)
[2018.12.01-23.07.40:629][517]LogModuleManager: Shutting down and abandoning module ActorSequence (284)
[2018.12.01-23.07.40:629][517]LogModuleManager: Shutting down and abandoning module UdpMessaging (282)
[2018.12.01-23.07.40:729][517]LogModuleManager: Shutting down and abandoning module TcpMessaging (280)
[2018.12.01-23.07.40:830][517]LogModuleManager: Shutting down and abandoning module MagicLeapAudio (278)
[2018.12.01-23.07.40:830][517]LogModuleManager: Shutting down and abandoning module GameplayTagsEditor (276)
[2018.12.01-23.07.40:830][517]LogModuleManager: Shutting down and abandoning module FacialAnimationEditor (274)
[2018.12.01-23.07.40:830][517]LogModuleManager: Shutting down and abandoning module FacialAnimation (272)
[2018.12.01-23.07.40:830][517]LogModuleManager: Shutting down and abandoning module DataValidation (270)
[2018.12.01-23.07.40:830][517]LogModuleManager: Shutting down and abandoning module AssetManagerEditor (268)
[2018.12.01-23.07.40:830][517]LogModuleManager: Shutting down and abandoning module LevelEditor (267)
[2018.12.01-23.07.40:831][517]LogModuleManager: Shutting down and abandoning module PixelInspectorModule (266)
[2018.12.01-23.07.40:831][517]LogModuleManager: Shutting down and abandoning module CommonMenuExtensions (264)
[2018.12.01-23.07.40:831][517]LogModuleManager: Shutting down and abandoning module MainFrame (262)
[2018.12.01-23.07.40:831][517]LogModuleManager: Shutting down and abandoning module HotReload (261)
[2018.12.01-23.07.40:833][517]LogModuleManager: Shutting down and abandoning module ContentBrowser (257)
[2018.12.01-23.07.40:834][517]LogModuleManager: Shutting down and abandoning module TreeMap (255)
[2018.12.01-23.07.40:834][517]LogModuleManager: Shutting down and abandoning module LightPropagationVolumeRuntime (252)
[2018.12.01-23.07.40:834][517]LogModuleManager: Shutting down and abandoning module AISupportModule (250)
[2018.12.01-23.07.40:834][517]LogModuleManager: Shutting down and abandoning module Paper2D (248)
[2018.12.01-23.07.40:834][517]LogModuleManager: Shutting down and abandoning module WindowsMoviePlayer (246)
[2018.12.01-23.07.40:834][517]LogModuleManager: Shutting down and abandoning module WmfMedia (244)
[2018.12.01-23.07.40:836][517]LogModuleManager: Shutting down and abandoning module Media (243)
[2018.12.01-23.07.40:843][517]LogModuleManager: Shutting down and abandoning module PacketHandler (240)
[2018.12.01-23.07.40:843][517]LogModuleManager: Shutting down and abandoning module ClothingSystemEditor (238)
[2018.12.01-23.07.40:844][517]LogModuleManager: Shutting down and abandoning module ClothingSystemRuntime (236)
[2018.12.01-23.07.40:844][517]LogModuleManager: Shutting down and abandoning module MediaAssets (234)
[2018.12.01-23.07.40:844][517]LogModuleManager: Shutting down and abandoning module Overlay (232)
[2018.12.01-23.07.40:844][517]LogModuleManager: Shutting down and abandoning module OverlayEditor (231)
[2018.12.01-23.07.40:844][517]LogModuleManager: Shutting down and abandoning module VREditor (228)
[2018.12.01-23.07.40:844][517]LogModuleManager: Shutting down and abandoning module StringTableEditor (226)
[2018.12.01-23.07.40:844][517]LogModuleManager: Shutting down and abandoning module GameplayTasksEditor (224)
[2018.12.01-23.07.40:844][517]LogModuleManager: Shutting down and abandoning module BehaviorTreeEditor (222)
[2018.12.01-23.07.40:844][517]LogModuleManager: Shutting down and abandoning module FunctionalTesting (220)
[2018.12.01-23.07.40:844][517]LogModuleManager: Shutting down and abandoning module CollisionAnalyzer (218)
[2018.12.01-23.07.40:844][517]LogModuleManager: Shutting down and abandoning module WorkspaceMenuStructure (217)
[2018.12.01-23.07.40:844][517]LogModuleManager: Shutting down and abandoning module UMG (214)
[2018.12.01-23.07.40:844][517]LogModuleManager: Shutting down and abandoning module UMGEditor (213)
[2018.12.01-23.07.40:844][517]LogModuleManager: Shutting down and abandoning module Sequencer (212)
[2018.12.01-23.07.40:845][517]LogModuleManager: Shutting down and abandoning module MessageLog (209)
[2018.12.01-23.07.40:845][517]LogModuleManager: Shutting down and abandoning module SlateReflector (204)
[2018.12.01-23.07.40:845][517]LogModuleManager: Shutting down and abandoning module Slate (202)
[2018.12.01-23.07.40:845][517]LogModuleManager: Shutting down and abandoning module EditorStyle (200)
[2018.12.01-23.07.40:848][517]LogModuleManager: Shutting down and abandoning module MRMesh (198)
[2018.12.01-23.07.40:848][517]LogModuleManager: Shutting down and abandoning module SourceCodeAccess (196)
[2018.12.01-23.07.40:848][517]LogModuleManager: Shutting down and abandoning module HeadMountedDisplay (194)
[2018.12.01-23.07.40:848][517]LogModuleManager: Shutting down and abandoning module XAudio2 (192)
[2018.12.01-23.07.40:848][517]LogModuleManager: Shutting down and abandoning module Networking (190)
[2018.12.01-23.07.40:848][517]LogModuleManager: Shutting down and abandoning module Core (188)
[2018.12.01-23.07.40:848][517]LogModuleManager: Shutting down and abandoning module LevelSequence (186)
[2018.12.01-23.07.40:848][517]LogModuleManager: Shutting down and abandoning module KismetCompiler (184)
[2018.12.01-23.07.40:848][517]LogModuleManager: Shutting down and abandoning module MeshUtilities (182)
[2018.12.01-23.07.40:848][517]LogModuleManager: Shutting down and abandoning module MeshMergeUtilities (181)
[2018.12.01-23.07.40:848][517]LogModuleManager: Shutting down and abandoning module MeshReductionInterface (180)
[2018.12.01-23.07.40:849][517]LogModuleManager: Shutting down and abandoning module SimplygonSwarm (179)
[2018.12.01-23.07.40:849][517]LogModuleManager: Shutting down and abandoning module ProxyLODMeshReduction (177)
[2018.12.01-23.07.40:849][517]LogModuleManager: Shutting down and abandoning module SimplygonMeshReduction (175)
[2018.12.01-23.07.40:849][517]LogModuleManager: Shutting down and abandoning module QuadricMeshReduction (173)
[2018.12.01-23.07.40:849][517]LogModuleManager: Shutting down and abandoning module MaterialBaking (169)
[2018.12.01-23.07.40:849][517]LogModuleManager: Shutting down and abandoning module DirectoryWatcher (165)
[2018.12.01-23.07.40:849][517]LogModuleManager: Shutting down and abandoning module DerivedDataCache (162)
[2018.12.01-23.07.41:345][517]LogDerivedDataCache: Shutdown
[2018.12.01-23.07.41:345][517]LogModuleManager: Shutting down and abandoning module XGEController (160)
[2018.12.01-23.07.41:345][517]LogXGEController: Cleaning working directory: C:/Users/darin/AppData/Local/Temp/UnrealXGEWorkingDir/
[2018.12.01-23.07.41:346][517]LogModuleManager: Shutting down and abandoning module TargetPlatform (158)
[2018.12.01-23.07.41:346][517]LogModuleManager: Shutting down and abandoning module VulkanShaderFormat (157)
[2018.12.01-23.07.41:346][517]LogModuleManager: Shutting down and abandoning module ShaderFormatVectorVM (155)
[2018.12.01-23.07.41:346][517]LogModuleManager: Shutting down and abandoning module ShaderFormatOpenGL (153)
[2018.12.01-23.07.41:346][517]LogModuleManager: Shutting down and abandoning module ShaderFormatD3D (151)
[2018.12.01-23.07.41:346][517]LogModuleManager: Shutting down and abandoning module MetalShaderFormat (149)
[2018.12.01-23.07.41:346][517]LogModuleManager: Shutting down and abandoning module TextureFormatUncompressed (147)
[2018.12.01-23.07.41:346][517]LogModuleManager: Shutting down and abandoning module TextureFormatPVR (145)
[2018.12.01-23.07.41:346][517]LogModuleManager: Shutting down and abandoning module TextureFormatDXT (143)
[2018.12.01-23.07.41:346][517]LogModuleManager: Shutting down and abandoning module TextureFormatIntelISPCTexComp (141)
[2018.12.01-23.07.41:347][517]LogModuleManager: Shutting down and abandoning module TextureFormatASTC (139)
[2018.12.01-23.07.41:347][517]LogModuleManager: Shutting down and abandoning module ImageWrapper (138)
[2018.12.01-23.07.41:347][517]LogModuleManager: Shutting down and abandoning module TextureFormatAndroid (135)
[2018.12.01-23.07.41:347][517]LogModuleManager: Shutting down and abandoning module AudioFormatOpus (133)
[2018.12.01-23.07.41:347][517]LogModuleManager: Shutting down and abandoning module AudioFormatOgg (131)
[2018.12.01-23.07.41:347][517]LogModuleManager: Shutting down and abandoning module AudioFormatADPCM (129)
[2018.12.01-23.07.41:347][517]LogModuleManager: Shutting down and abandoning module LuminTargetPlatform (127)
[2018.12.01-23.07.41:347][517]LogModuleManager: Shutting down and abandoning module LinuxTargetPlatform (125)
[2018.12.01-23.07.41:347][517]LogModuleManager: Shutting down and abandoning module LinuxServerTargetPlatform (123)
[2018.12.01-23.07.41:347][517]LogModuleManager: Shutting down and abandoning module LinuxNoEditorTargetPlatform (121)
[2018.12.01-23.07.41:348][517]LogModuleManager: Shutting down and abandoning module LinuxClientTargetPlatform (119)
[2018.12.01-23.07.41:348][517]LogModuleManager: Shutting down and abandoning module TVOSTargetPlatform (117)
[2018.12.01-23.07.41:350][517]LogModuleManager: Shutting down and abandoning module Messaging (115)
[2018.12.01-23.07.41:350][517]LogModuleManager: Shutting down and abandoning module IOSTargetPlatform (113)
[2018.12.01-23.07.41:352][517]LogModuleManager: Shutting down and abandoning module HTML5TargetPlatform (111)
[2018.12.01-23.07.41:352][517]LogModuleManager: Shutting down and abandoning module AndroidTargetPlatform (109)
[2018.12.01-23.07.41:362][517]LogModuleManager: Shutting down and abandoning module WindowsTargetPlatform (107)
[2018.12.01-23.07.41:362][517]LogModuleManager: Shutting down and abandoning module WindowsServerTargetPlatform (105)
[2018.12.01-23.07.41:363][517]LogModuleManager: Shutting down and abandoning module WindowsNoEditorTargetPlatform (103)
[2018.12.01-23.07.41:363][517]LogModuleManager: Shutting down and abandoning module WindowsClientTargetPlatform (101)
[2018.12.01-23.07.41:363][517]LogModuleManager: Shutting down and abandoning module MacTargetPlatform (99)
[2018.12.01-23.07.41:363][517]LogModuleManager: Shutting down and abandoning module MacServerTargetPlatform (97)
[2018.12.01-23.07.41:363][517]LogModuleManager: Shutting down and abandoning module MacNoEditorTargetPlatform (95)
[2018.12.01-23.07.41:363][517]LogModuleManager: Shutting down and abandoning module MacClientTargetPlatform (93)
[2018.12.01-23.07.41:363][517]LogModuleManager: Shutting down and abandoning module AllDesktopTargetPlatform (91)
[2018.12.01-23.07.41:363][517]LogModuleManager: Shutting down and abandoning module InputCore (88)
[2018.12.01-23.07.41:363][517]LogModuleManager: Shutting down and abandoning module Settings (86)
[2018.12.01-23.07.41:363][517]LogModuleManager: Shutting down and abandoning module PhysXCooking (84)
[2018.12.01-23.07.41:363][517]LogModuleManager: Shutting down and abandoning module SteamVR (82)
[2018.12.01-23.07.41:363][517]LogModuleManager: Shutting down and abandoning module OculusHMD (80)
[2018.12.01-23.07.41:363][517]LogModuleManager: Shutting down and abandoning module ExampleDeviceProfileSelector (78)
[2018.12.01-23.07.41:363][517]LogModuleManager: Shutting down and abandoning module LauncherChunkInstaller (76)
[2018.12.01-23.07.41:363][517]LogModuleManager: Shutting down and abandoning module OnlineBlueprintSupport (74)
[2018.12.01-23.07.41:363][517]LogModuleManager: Shutting down and abandoning module OnlineSubsystem (70)
[2018.12.01-23.07.41:365][517]LogModuleManager: Shutting down and abandoning module XMPP (65)
[2018.12.01-23.07.41:365][517]LogModuleManager: Shutting down and abandoning module WebSockets (64)
[2018.12.01-23.07.41:373][517]LogModuleManager: Shutting down and abandoning module HTTP (61)
[2018.12.01-23.07.41:374][517]LogHttp: Display: Http module shutting down, but needs to wait on 1 outstanding Http requests:
[2018.12.01-23.07.41:374][517]LogHttp: Display: 	verb=[POST] url=[https://datarouter.ol.epicgames.com/datarouter/api/v1/public/data?SessionID=%7B39B69C10-48CB-7D63-5DD2-97A74C0C91FB%7D&AppID=UEEditor.Rocket.Release&AppVersion=4.20.3-4369336%2B%2B%2BUE4%2BRelease-4.20&UserID=7705769c40b9857ea507178f52a4650a%7C1b908cdb28d44d49a54ef439a0eb8305%7C69541e32-79a3-4cb0-8371-cb326f343ce2&AppEnvironment=datacollector-binary&UploadType=eteventstream] status=Processing
[2018.12.01-23.07.41:396][517]LogModuleManager: Shutting down and abandoning module SSL (60)
[2018.12.01-23.07.41:397][517]LogModuleManager: Shutting down and abandoning module MagicLeapEmulator (56)
[2018.12.01-23.07.41:397][517]LogModuleManager: Shutting down and abandoning module MagicLeapPrivileges (54)
[2018.12.01-23.07.41:397][517]LogModuleManager: Shutting down and abandoning module MagicLeapIdentity (52)
[2018.12.01-23.07.41:397][517]LogModuleManager: Shutting down and abandoning module MagicLeapHelperVulkan (50)
[2018.12.01-23.07.41:398][517]LogModuleManager: Shutting down and abandoning module MagicLeapHelperOpenGL (48)
[2018.12.01-23.07.41:398][517]LogModuleManager: Shutting down and abandoning module MagicLeapSecureStorage (46)
[2018.12.01-23.07.41:398][517]LogModuleManager: Shutting down and abandoning module MagicLeapGestures (44)
[2018.12.01-23.07.41:398][517]LogModuleManager: Shutting down and abandoning module MagicLeapEyeTracker (42)
[2018.12.01-23.07.41:398][517]LogModuleManager: Shutting down and abandoning module MagicLeapController (40)
[2018.12.01-23.07.41:398][517]LogSlate: Slate User Destroyed.  User Index 0, Is Virtual User: 0
[2018.12.01-23.07.41:398][517]LogModuleManager: Shutting down and abandoning module MagicLeap (38)
[2018.12.01-23.07.41:398][517]LogModuleManager: Shutting down and abandoning module AnimationModifiers (36)
[2018.12.01-23.07.41:398][517]LogModuleManager: Shutting down and abandoning module PropertyEditor (35)
[2018.12.01-23.07.41:398][517]LogModuleManager: Shutting down and abandoning module AudioEditor (32)
[2018.12.01-23.07.41:398][517]LogModuleManager: Shutting down and abandoning module TextureCompressor (30)
[2018.12.01-23.07.41:398][517]LogModuleManager: Shutting down and abandoning module ShaderCore (28)
[2018.12.01-23.07.41:398][517]LogModuleManager: Shutting down and abandoning module Landscape (26)
[2018.12.01-23.07.41:399][517]LogModuleManager: Shutting down and abandoning module SlateRHIRenderer (24)
[2018.12.01-23.07.41:399][517]LogModuleManager: Shutting down and abandoning module OpenGLDrv (22)
[2018.12.01-23.07.41:399][517]LogModuleManager: Shutting down and abandoning module D3D11RHI (20)
[2018.12.01-23.07.41:399][517]LogModuleManager: Shutting down and abandoning module AnimGraphRuntime (18)
[2018.12.01-23.07.41:399][517]LogModuleManager: Shutting down and abandoning module Renderer (16)
[2018.12.01-23.07.41:399][517]LogModuleManager: Shutting down and abandoning module Engine (14)
[2018.12.01-23.07.41:399][517]LogModuleManager: Shutting down and abandoning module CoreUObject (12)
[2018.12.01-23.07.41:399][517]LogModuleManager: Shutting down and abandoning module NetworkFile (10)
[2018.12.01-23.07.41:399][517]LogModuleManager: Shutting down and abandoning module CookedIterativeFile (8)
[2018.12.01-23.07.41:399][517]LogModuleManager: Shutting down and abandoning module StreamingFile (6)
[2018.12.01-23.07.41:399][517]LogModuleManager: Shutting down and abandoning module SandboxFile (4)
[2018.12.01-23.07.41:399][517]LogModuleManager: Shutting down and abandoning module PakFile (2)
[2018.12.01-23.07.41:413][517]LogExit: Exiting.
[2018.12.01-23.07.41:444][517]Log file closed, 12/02/18 01:07:41
